1
1
2
3
8
20
80
210
896
3360
19200
79200
506880
2745600
21964800
108108000
820019200
236400635
965935056
818419393
993784756
587668495
240347988
878022141
473344639
818970211
15906892
771538562
668276407
872967700
990306611
866007807
915710658
345583153
739474759
957333978
296743470
118673093
743855606
773802794
186651939
412563576
893796383
193575835
982333642
258077916
73400252
207254568
62153310
454716180
749585700
536378488
337919012
692976658
444532020
864210550
219368813
21361565
696608320
860245852
441214941
383715237
299955348
580874497
270885205
843003582
40344362
493825457
133947746
474203650
510705334
182075176
799308764
860253924
742447707
893889349
940122315
676419033
933265150
477269057
692427747
239306528
748824395
681878494
940670255
511853784
557091611
720789582
134495091
963575366
816517429
709946929
676604804
878286250
848213217
247583517
669755699
838717863
717252035
912531060
522479809
459593048
477328585
878532489
698714134
997340707
339176494
915516633
930848395
711120328
558767558
675131481
557363491
662725451
952604733
136096193
462117170
463499304
377185610
72503374
251436763
915638975
705988775
413321406
394275750
128650288
247663608
916069061
345782161
704400034
799373760
597155074
714866342
36053403
374594974
235686163
109228137
678995068
483879838
240155417
226489927
931567200
50944342
582934429
755245776
704485367
279965802
525200262
696726634
102827174
378053642
570070547
237949498
657927961
495573604
8937719
16408181
79858990
418787978
990999094
724528106
182526497
23868937
472043528
231865090
182110955
251735822
422343118
653931053
654316126
321897698
423584722
195990771
921897359
248305417
522233157
966134312
589168784
958038499
138016408
155627842
803905358
515019804
273544509
692945751
721780240
252065218
355187381
240605568
564368676
745089660
261331848
989458159
850500776
52424027
677433826
437941703
596714058
575062166
966787688
844929354
327205664
867626092
296070120
599973222
611077956
803873440
671925518
707378406
910386266
979043973
979947563
526709943
522618475
10649600
699099375
688088868
469212195
414723563
518220667
286444057
790981665
77980396
950561597
318784405
678578820
400271018
807956779
916233248
450197470
463882716
598658490
266181115
247221044
422547263
599351043
344622003
349995305
685008599
889227005
305749084
254127873
49712303
110907783
906272384
760826813
816297470
325114784
897831459
172099463
102384562
301616547
693468951
575250883
760275255
498887932
911669658
113709383
850732927
274884156
73959888
577508339
858526874
430808283
408203725
149518140
67506129
727251877
773312088
111851958
207184566
405686258
346367349
990083561
42012430
966727316
168728666
328694951
2325641
174822113
179947910
102916394
565111100
399373617
323819110
680638127
19071555
664899624
620027260
704939444
243994131
961462086
212491719
639082608
663288323
894853882
11385021
47469952
891372787
720350542
468494900
514942219
164751323
433532907
33545717
244782942
740881223
226764133
844072077
547625077
192654089
951031324
475898537
586852738
824260516
533209489
243779528
433862224
526541239
890597634
577419704
835055887
990621235
406083314
610701524
522191018
809920546
124481136
405270426
99838361
487820848
751880821
519725284
477544515
872907421
236706748
718249434
262766353
970973146
983513140
564446956
901606947
553696128
689728439
443174308
245899345
3514810
350523691
221142165
832311661
759698308
97299594
22783450
462218267
737217529
817751889
905292445
181958750
581593148
856140485
794025025
292213687
738452848
683212644
542184989
3929625
40323463
802435614
449660877
953803497
545439718
491456225
280539720
300635974
765318871
494237172
834084576
962515042
960032191
634483014
862654715
763936159
43520288
908035767
839764907
356860714
210199194
541419277
206106394
216152422
973983989
386278939
228636894
64589396
799272104
12493382
948422803
458040614
397131014
577592482
602919276
479019155
740324220
922674705
293518183
249686435
926410240
385996274
618794266
685262983
713791972
9177468
534729892
35586742
376882707
311951698
228947026
976102804
248370249
940259275
558355750
495742318
48365628
876775057
69878173
577157030
444320762
235929912
739003388
588752275
676541754
837533214
521978544
773368794
250636705
961891163
631314632
834219670
960317150
429030484
351543916
864044899
569319230
159988732
469318363
407203190
208006969
763983207
958763140
737637831
719905167
666210719
396386243
796004307
950827299
43940427
246319687
769015404
279430412
806231709
799778702
16851655
334433921
91845596
102175045
271370789
433836709
727864857
833543657
860172786
493894334
541461982
18966519
191890909
308463627
899024422
928523566
202534623
919318470
756601358
641133241
458890360
829017856
520907278
533887556
324281137
166843715
434043909
472308009
339642932
635246975
97406263
686821511
154979238
34218115
817314978
242670329
924955346
696923513
26698403
883836472
526146944
320711183
28993819
821453234
437482359
817953770
613913685
962128225
33112744
490907640
886274350
737486232
293657638
472018007
771732028
514037272
762417556
434625320
360216226
367119399
60934073
457747767
24284734
451000258
920288643
943723686
865134821
166700212
798789268
163650436
982466534
908671149
950311361
569977542
697156939
502129891
103949447
567537654
965840835
76656764
171670800
48646447
659967204
345263693
678313980
870550776
613718058
543432783
165051497
470498139
578424675
83326626
6379984
471722842
302935666
779292293
985779866
45885509
686624221
702190780
969175907
761521396
334226659
340522160
836355020
535921800
541525671
732710553
989932555
59207908
279400893
453711380
437189814
835089303
341902267
137474285
76995995
459923272
197968547
218121018
549724434
255548258
443819426
660182792
414132906
678907014
452263343
522580928
462492327
920094701
25362400
860310805
489034670
163677714
639448285
524989104
852783359
646284445
582311667
567871432
899587901
109407752
31077506
485632571
560114351
975921010
444501799
126190966
76408197
120874007
221976454
868004942
193518977
483123149
769278324
915125780
855889420
335176637
900364040
732532984
370984900
552163200
416857134
702615343
959796333
58841713
762415310
490062924
842991997
936873990
779577816
377447755
534828462
742826396
143966101
213692217
294103998
475207592
48840758
689874065
717465076
568252276
639343624
714844777
33369581
917739459
515242963
53022228
248649674
362538032
266799415
978608945
774161127
635594792
645038132
880124338
212304014
153701481
237346526
860598420
876885829
317628706
342256821
657648220
67849960
910903713
179848651
829912816
255550089
724861833
953022326
587129858
542903334
871534888
791482279
170699322
755671802
380264725
340186688
659712142
264611182
35919437
979251068
712894565
564877128
450369094
341882907
907965296
862933711
351965891
992601816
680095031
262042624
222113339
528308588
838131084
794993072
188275268
741438625
786724530
447263964
988829818
923856916
689338443
30049056
173686236
632712422
62858438
34423114
256761088
807348363
418765156
433525735
418993429
291343482
468047455
620940258
997752916
602772057
772630008
369320313
487228218
148934905
631649836
701650424
396140439
565727726
59933737
273809798
618053375
820344105
983780575
574689112
160891983
388528320
810263025
163943298
292687339
976847810
522439474
383066462
87382841
744854027
638818647
210813630
909425826
368535473
646819793
398183434
507593513
587549144
574879374
645312994
132053955
539154177
49003555
536385871
786108347
703867618
210148356
421040480
444681421
218334308
702497448
898425972
565716038
615865811
232278591
795022471
975198804
83873558
413394819
904511965
53341452
12155128
704841386
319210669
525694914
272777210
598062106
204706886
446205781
532095035
64934463
947427370
198378171
23677027
819566138
312306456
487281272
417567304
226083237
338260315
189783637
729249838
395722827
774163445
508162021
331122684
267722241
618846779
204531299
577167653
12451077
202082492
60542115
597734957
479539630
299891259
75588921
381147203
782441717
14140038
744080200
443091675
60710767
884622256
446251376
905933769
871094472
137597332
584853660
119259953
921609414
286226039
28752631
653005492
590513901
708875089
874801533
823182058
26911059
777145240
16108133
129527301
449868029
578040741
278011821
645820882
982451922
759918036
974965226
456687779
41198921
9155969
3009742
855588556
979297960
808345241
777674350
893782171
421113236
503062395
975237295
202463239
76973397
32180659
429585880
959893449
627634015
487817140
570376109
83968451
344626211
231233300
369528692
427366726
353465600
55929318
829181432
722039785
845706045
921793504
27834918
349280790
939960900
178850349
913827686
144727796
107562835
919745251
675744225
588993171
168729279
600621780
50553561
237720231
723969234
838817446
909080169
522901143
310975827
391240839
353104772
492098962
503795983
784400499
24332901
878648525
119184815
19841394
812550551
825825173
365461694
109070249
940821084
901843600
289207196
627306580
191423270
74875650
644099560
307441772
698562489
12567880
880421547
483559778
200327814
437309536
863648912
623915633
519277892
199175350
88376909
437023247
631378832
238198458
642618617
691716101
221171187
657422921
26851230
820899492
768357084
215226471
526453996
509813837
44638117
997065874
693868959
920582506
259799359
952796258
810236284
820116593
886090582
768055550
285938951
501732135
574924382
768146657
443953877
421786798
331622719
39766143
300254930
433197199
682961812
799435535
563285047
899263490
13605077
545628204
517375898
38586818
884628932
806281702
523571854
330395997
184687139
268240681
696913757
753164349
554518118
631185781
791204810
116934855
802949326
912758465
300675138
413410675
478883052
54090274
638816600
497248327
197845325
279265974
529898844
395142984
776284743
997546784
181265650
28511722
947034928
955713643
696476646
501996454
56717557
517631465
